Flow report for hdl-audio-visualizer
Tue Dec 03 14:11:01 2024
Quartus Prime Version 20.1.1 Build 720 11/11/2020 SJ Lite Edition


---------------------
; Table of Contents ;
---------------------
  1. Legal Notice
  2. Flow Summary
  3. Flow Settings
  4. Flow Non-Default Global Settings
  5. Flow Elapsed Time
  6. Flow OS Summary
  7. Flow Log
  8. Flow Messages
  9. Flow Suppressed Messages



----------------
; Legal Notice ;
----------------
Copyright (C) 2020  Intel Corporation. All rights reserved.
Your use of Intel Corporation's design tools, logic functions 
and other software and tools, and any partner logic 
functions, and any output files from any of the foregoing 
(including device programming or simulation files), and any 
associated documentation or information are expressly subject 
to the terms and conditions of the Intel Program License 
Subscription Agreement, the Intel Quartus Prime License Agreement,
the Intel FPGA IP License Agreement, or other applicable license
agreement, including, without limitation, that your use is for
the sole purpose of programming logic devices manufactured by
Intel and sold by Intel or its authorized distributors.  Please
refer to the applicable agreement for further details, at
https://fpgasoftware.intel.com/eula.



+-------------------------------------------------------------------------------+
; Flow Summary                                                                  ;
+---------------------------------+---------------------------------------------+
; Flow Status                     ; Successful - Tue Dec 03 14:10:53 2024       ;
; Quartus Prime Version           ; 20.1.1 Build 720 11/11/2020 SJ Lite Edition ;
; Revision Name                   ; hdl-audio-visualizer                        ;
; Top-level Entity Name           ; audiotovideotop                             ;
; Family                          ; Cyclone V                                   ;
; Device                          ; 5CSEMA5F31C6                                ;
; Timing Models                   ; Final                                       ;
; Logic utilization (in ALMs)     ; 235 / 32,070 ( < 1 % )                      ;
; Total registers                 ; 336                                         ;
; Total pins                      ; 38 / 457 ( 8 % )                            ;
; Total virtual pins              ; 0                                           ;
; Total block memory bits         ; 12,288 / 4,065,280 ( < 1 % )                ;
; Total DSP Blocks                ; 0 / 87 ( 0 % )                              ;
; Total HSSI RX PCSs              ; 0                                           ;
; Total HSSI PMA RX Deserializers ; 0                                           ;
; Total HSSI TX PCSs              ; 0                                           ;
; Total HSSI PMA TX Serializers   ; 0                                           ;
; Total PLLs                      ; 2 / 6 ( 33 % )                              ;
; Total DLLs                      ; 0 / 4 ( 0 % )                               ;
+---------------------------------+---------------------------------------------+


+------------------------------------------+
; Flow Settings                            ;
+-------------------+----------------------+
; Option            ; Setting              ;
+-------------------+----------------------+
; Start date & time ; 12/03/2024 14:09:30  ;
; Main task         ; Compilation          ;
; Revision Name     ; hdl-audio-visualizer ;
+-------------------+----------------------+


+---------------------------------------------------------------------------------------------------------------------------------------------------+
; Flow Non-Default Global Settings                                                                                                                  ;
+-------------------------------------+-------------------------------------------------------+----------------------+-----------------+------------+
; Assignment Name                     ; Value                                                 ; Default Value        ; Entity Name     ; Section Id ;
+-------------------------------------+-------------------------------------------------------+----------------------+-----------------+------------+
; COMPILER_SIGNATURE_ID               ; 213533738516995.173325296938544                       ; --                   ; --              ; --         ;
; MAX_CORE_JUNCTION_TEMP              ; 85                                                    ; --                   ; --              ; --         ;
; MIN_CORE_JUNCTION_TEMP              ; 0                                                     ; --                   ; --              ; --         ;
; MISC_FILE                           ; pqs/synthesis/../pqs.cmp                              ; --                   ; --              ; --         ;
; MISC_FILE                           ; pqs/synthesis/../../pqs.qsys                          ; --                   ; --              ; --         ;
; PARTITION_COLOR                     ; -- (Not supported for targeted family)                ; --                   ; audiotovideotop ; Top        ;
; PARTITION_FITTER_PRESERVATION_LEVEL ; -- (Not supported for targeted family)                ; --                   ; audiotovideotop ; Top        ;
; PARTITION_NETLIST_TYPE              ; -- (Not supported for targeted family)                ; --                   ; audiotovideotop ; Top        ;
; POWER_BOARD_THERMAL_MODEL           ; None (CONSERVATIVE)                                   ; --                   ; --              ; --         ;
; POWER_PRESET_COOLING_SOLUTION       ; 23 MM HEAT SINK WITH 200 LFPM AIRFLOW                 ; --                   ; --              ; --         ;
; PROJECT_OUTPUT_DIRECTORY            ; output_files                                          ; --                   ; --              ; --         ;
; SLD_FILE                            ; pqs/synthesis/pqs.debuginfo                           ; --                   ; --              ; --         ;
; SLD_INFO                            ; QSYS_NAME pqs HAS_SOPCINFO 1 GENERATION_ID 1733174453 ; --                   ; pqs             ; --         ;
; SOPCINFO_FILE                       ; pqs/synthesis/../../pqs.sopcinfo                      ; --                   ; --              ; --         ;
; SYNTHESIS_ONLY_QIP                  ; On                                                    ; --                   ; --              ; --         ;
; TOP_LEVEL_ENTITY                    ; audiotovideotop                                       ; hdl-audio-visualizer ; --              ; --         ;
+-------------------------------------+-------------------------------------------------------+----------------------+-----------------+------------+


+--------------------------------------------------------------------------------------------------------------------------+
; Flow Elapsed Time                                                                                                        ;
+----------------------+--------------+-------------------------+---------------------+------------------------------------+
; Module Name          ; Elapsed Time ; Average Processors Used ; Peak Virtual Memory ; Total CPU Time (on all processors) ;
+----------------------+--------------+-------------------------+---------------------+------------------------------------+
; Analysis & Synthesis ; 00:00:15     ; 1.0                     ; 4942 MB             ; 00:00:10                           ;
; Fitter               ; 00:00:58     ; 1.1                     ; 7078 MB             ; 00:02:03                           ;
; Assembler            ; 00:00:07     ; 1.0                     ; 4848 MB             ; 00:00:04                           ;
; Timing Analyzer      ; 00:00:07     ; 1.4                     ; 5257 MB             ; 00:00:05                           ;
; Total                ; 00:01:27     ; --                      ; --                  ; 00:02:22                           ;
+----------------------+--------------+-------------------------+---------------------+------------------------------------+


+------------------------------------------------------------------------------------+
; Flow OS Summary                                                                    ;
+----------------------+------------------+------------+------------+----------------+
; Module Name          ; Machine Hostname ; OS Name    ; OS Version ; Processor type ;
+----------------------+------------------+------------+------------+----------------+
; Analysis & Synthesis ; AjLama           ; Windows 10 ; 10.0       ; x86_64         ;
; Fitter               ; AjLama           ; Windows 10 ; 10.0       ; x86_64         ;
; Assembler            ; AjLama           ; Windows 10 ; 10.0       ; x86_64         ;
; Timing Analyzer      ; AjLama           ; Windows 10 ; 10.0       ; x86_64         ;
+----------------------+------------------+------------+------------+----------------+


------------
; Flow Log ;
------------
quartus_map --read_settings_files=on --write_settings_files=off hdl-audio-visualizer -c hdl-audio-visualizer
quartus_fit --read_settings_files=off --write_settings_files=off hdl-audio-visualizer -c hdl-audio-visualizer
quartus_asm --read_settings_files=off --write_settings_files=off hdl-audio-visualizer -c hdl-audio-visualizer
quartus_sta hdl-audio-visualizer -c hdl-audio-visualizer



